<?xml version="1.0" encoding="UTF-8"?>
<!-- Generated by org.testng.reporters.JUnitXMLReporter -->
<testsuite ignored="0" hostname="DESKTOP-H01E814" failures="0" tests="4" name="Command line test" time="0.161" errors="0" timestamp="2021-01-07T13:24:35 CST">
  <testcase classname="QaclickAcademy.QuickTest" name="Qtest" time="0.033"/>
  <testcase classname="QaclickAcademy.QuickTest" name="change" time="0.0"/>
  <testcase classname="QaclickAcademy.SeleniumTest" name="test" time="0.0"/>
  <testcase classname="QaclickAcademy.SeleniumTest" name="test1" time="0.028"/>
</testsuite> <!-- Command line test -->
