<?xml version="1.0" encoding="UTF-8"?>
<testng-results ignored="0" total="4" passed="4" failed="0" skipped="0">
  <reporter-output>
  </reporter-output>
  <suite started-at="2021-01-07T13:24:34 CST" name="Command line suite" finished-at="2021-01-07T13:24:34 CST" duration-ms="161">
    <groups>
    </groups>
    <test started-at="2021-01-07T13:24:34 CST" name="Command line test" finished-at="2021-01-07T13:24:34 CST" duration-ms="161">
      <class name="QaclickAcademy.QuickTest">
        <test-method signature="Qtest()[pri:0, instance:QaclickAcademy.QuickTest@727803de]" started-at="2021-01-07T13:24:34 CST" name="Qtest" finished-at="2021-01-07T13:24:34 CST" duration-ms="33" status="PASS">
          <reporter-output>
          </reporter-output>
        </test-method> <!-- Qtest -->
        <test-method signature="change()[pri:0, instance:QaclickAcademy.QuickTest@727803de]" started-at="2021-01-07T13:24:34 CST" name="change" finished-at="2021-01-07T13:24:34 CST" duration-ms="0" status="PASS">
          <reporter-output>
          </reporter-output>
        </test-method> <!-- change -->
      </class> <!-- QaclickAcademy.QuickTest -->
      <class name="QaclickAcademy.SeleniumTest">
        <test-method signature="test()[pri:0, instance:QaclickAcademy.SeleniumTest@704921a5]" started-at="2021-01-07T13:24:34 CST" name="test" finished-at="2021-01-07T13:24:34 CST" duration-ms="0" status="PASS">
          <reporter-output>
          </reporter-output>
        </test-method> <!-- test -->
        <test-method signature="test1()[pri:0, instance:QaclickAcademy.SeleniumTest@704921a5]" started-at="2021-01-07T13:24:34 CST" name="test1" finished-at="2021-01-07T13:24:34 CST" duration-ms="28" status="PASS">
          <reporter-output>
          </reporter-output>
        </test-method> <!-- test1 -->
      </class> <!-- QaclickAcademy.SeleniumTest -->
    </test> <!-- Command line test -->
  </suite> <!-- Command line suite -->
</testng-results>
