<?xml version="1.0" encoding="UTF-8"?>
<testsuite xmlns:xsi="http://www.w3.org/2001/XMLSchema-instance" xsi:noNamespaceSchemaLocation="https://maven.apache.org/surefire/maven-surefire-plugin/xsd/surefire-test-report-3.0.xsd" version="3.0" name="QaclickAcademy.SeleniumTest" time="1.009" tests="2" errors="0" skipped="0" failures="0">
  <properties>
[...]
</properties>
  <testcase name="test" classname="QaclickAcademy.SeleniumTest" time="0.013">
    <system-out><![CDATA[Success
]]></system-out>
  </testcase>
  <testcase name="test1" classname="QaclickAcademy.SeleniumTest" time="0.002">
    <system-out><![CDATA[Success yes
]]></system-out>
  </testcase>
</testsuite>