<?xml version="1.0" encoding="UTF-8"?>
<testng-results ignored="0" total="2" passed="2" failed="0" skipped="0">
  <reporter-output>
  </reporter-output>
  <suite started-at="2021-01-01T22:11:44 CST" name="Default suite" finished-at="2021-01-01T22:11:44 CST" duration-ms="105">
    <groups>
    </groups>
    <test started-at="2021-01-01T22:11:44 CST" name="Default test" finished-at="2021-01-01T22:11:44 CST" duration-ms="105">
      <class name="QaclickAcademy.SeleniumTest">
        <test-method signature="test()[pri:0, instance:QaclickAcademy.SeleniumTest@794cb805]" started-at="2021-01-01T22:11:44 CST" name="test" finished-at="2021-01-01T22:11:44 CST" duration-ms="16" status="PASS">
          <reporter-output>
          </reporter-output>
        </test-method> <!-- test -->
        <test-method signature="test1()[pri:0, instance:QaclickAcademy.SeleniumTest@794cb805]" started-at="2021-01-01T22:11:44 CST" name="test1" finished-at="2021-01-01T22:11:44 CST" duration-ms="4" status="PASS">
          <reporter-output>
          </reporter-output>
        </test-method> <!-- test1 -->
      </class> <!-- QaclickAcademy.SeleniumTest -->
    </test> <!-- Default test -->
  </suite> <!-- Default suite -->
</testng-results>
